[debug] [2022-03-27T10:34:29.191Z] ----------------------------------------------------------------------
[debug] [2022-03-27T10:34:29.192Z] Command:       C:\Program Files\nodejs\node.exe C:\Users\sergi\AppData\Roaming\npm\node_modules\firebase-tools\lib\bin\firebase.js deploy
[debug] [2022-03-27T10:34:29.193Z] CLI Version:   10.5.0
[debug] [2022-03-27T10:34:29.193Z] Platform:      win32
[debug] [2022-03-27T10:34:29.193Z] Node Version:  v16.13.2
[debug] [2022-03-27T10:34:29.193Z] Time:          Sun Mar 27 2022 12:34:29 GMT+0200 (South Africa Standard Time)
[debug] [2022-03-27T10:34:29.194Z] ----------------------------------------------------------------------
[debug] 
[debug] [2022-03-27T10:34:29.246Z] > command requires scopes: ["email","openid","https://www.googleapis.com/auth/cloudplatformprojects.readonly","https://www.googleapis.com/auth/firebase","https://www.googleapis.com/auth/cloud-platform"]
[debug] [2022-03-27T10:34:29.247Z] > authorizing via signed-in user (sergiorodgers01@gmail.com)
[debug] [2022-03-27T10:34:29.247Z] [iam] checking project capstone-final-project for permissions ["firebase.projects.get","firebasehosting.sites.update"]
[debug] [2022-03-27T10:34:29.249Z] >>> [apiv2][query] POST https://cloudresourcemanager.googleapis.com/v1/projects/capstone-final-project:testIamPermissions [none]
[debug] [2022-03-27T10:34:29.249Z] >>> [apiv2][body] POST https://cloudresourcemanager.googleapis.com/v1/projects/capstone-final-project:testIamPermissions {"permissions":["firebase.projects.get","firebasehosting.sites.update"]}
[debug] [2022-03-27T10:34:31.211Z] <<< [apiv2][status] POST https://cloudresourcemanager.googleapis.com/v1/projects/capstone-final-project:testIamPermissions 200
[debug] [2022-03-27T10:34:31.212Z] <<< [apiv2][body] POST https://cloudresourcemanager.googleapis.com/v1/projects/capstone-final-project:testIamPermissions {"permissions":["firebase.projects.get","firebasehosting.sites.update"]}
[debug] [2022-03-27T10:34:31.213Z] >>> [apiv2][query] GET https://firebase.googleapis.com/v1beta1/projects/capstone-final-project [none]
[debug] [2022-03-27T10:34:31.767Z] <<< [apiv2][status] GET https://firebase.googleapis.com/v1beta1/projects/capstone-final-project 200
[debug] [2022-03-27T10:34:31.767Z] <<< [apiv2][body] GET https://firebase.googleapis.com/v1beta1/projects/capstone-final-project {"projectId":"capstone-final-project","projectNumber":"924093632501","displayName":"CAPSTONE FINAL PROJECT","name":"projects/capstone-final-project","resources":{"hostingSite":"capstone-final-project"},"state":"ACTIVE"}
[info] 
[info] === Deploying to 'capstone-final-project'...
[info] 
[info] i  deploying hosting 
[debug] [2022-03-27T10:34:31.770Z] >>> [apiv2][query] GET https://firebase.googleapis.com/v1beta1/projects/capstone-final-project [none]
[debug] [2022-03-27T10:34:32.310Z] <<< [apiv2][status] GET https://firebase.googleapis.com/v1beta1/projects/capstone-final-project 200
[debug] [2022-03-27T10:34:32.310Z] <<< [apiv2][body] GET https://firebase.googleapis.com/v1beta1/projects/capstone-final-project {"projectId":"capstone-final-project","projectNumber":"924093632501","displayName":"CAPSTONE FINAL PROJECT","name":"projects/capstone-final-project","resources":{"hostingSite":"capstone-final-project"},"state":"ACTIVE"}
[debug] [2022-03-27T10:34:32.312Z] >>> [apiv2][query] POST https://firebasehosting.googleapis.com/v1beta1/projects/924093632501/sites/capstone-final-project/versions [none]
[debug] [2022-03-27T10:34:32.312Z] >>> [apiv2][body] POST https://firebasehosting.googleapis.com/v1beta1/projects/924093632501/sites/capstone-final-project/versions {"config":{},"labels":{"deployment-tool":"cli-firebase"}}
[debug] [2022-03-27T10:34:34.720Z] <<< [apiv2][status] POST https://firebasehosting.googleapis.com/v1beta1/projects/924093632501/sites/capstone-final-project/versions 500
[debug] [2022-03-27T10:34:34.721Z] <<< [apiv2][body] POST https://firebasehosting.googleapis.com/v1beta1/projects/924093632501/sites/capstone-final-project/versions {"error":{"code":500,"message":"Internal error encountered.","status":"INTERNAL"}}
[error] 
[error] Error: HTTP Error: 500, Internal error encountered.
[debug] [2022-03-27T10:34:35.152Z] Error Context: {
  "body": {
    "error": {
      "code": 500,
      "message": "Internal error encountered.",
      "status": "INTERNAL"
    }
  },
  "response": {
    "statusCode": 500
  }
}
